#
# There is insufficient memory for the Java Runtime Environment to continue.
# Native memory allocation (malloc) failed to allocate 1101456 bytes for Chunk::new
# Possible reasons:
#   The system is out of physical RAM or swap space
#   In 32 bit mode, the process size limit was hit
# Possible solutions:
#   Reduce memory load on the system
#   Increase physical memory or swap space
#   Check if swap backing store is full
#   Use 64 bit Java on a 64 bit OS
#   Decrease Java heap size (-Xmx/-Xms)
#   Decrease number of Java threads
#   Decrease Java thread stack sizes (-Xss)
#   Set larger code cache with -XX:ReservedCodeCacheSize=
# This output file may be truncated or incomplete.
#
#  Out of Memory Error (allocation.cpp:390), pid=11128, tid=7044
#
# JRE version: Java(TM) SE Runtime Environment (8.0_66-b18) (build 1.8.0_66-b18)
# Java VM: Java HotSpot(TM) 64-Bit Server VM (25.66-b18 mixed mode windows-amd64 compressed oops)
# Failed to write core dump. Minidumps are not enabled by default on client versions of Windows
#

---------------  T H R E A D  ---------------

Current thread (0x0000000054fdc000):  JavaThread "C2 CompilerThread0" daemon [_thread_in_native, id=7044, stack(0x0000000056210000,0x0000000056310000)]

Stack: [0x0000000056210000,0x0000000056310000]
[error occurred during error reporting (printing stack bounds), id 0xc0000005]

Native frames: (J=compiled Java code, j=interpreted, Vv=VM code, C=native code)


Current CompileTask:
C2:   4238 1192   !   4       com.android.dx.cf.code.BytecodeArray::parseInstruction (2764 bytes)


---------------  P R O C E S S  ---------------

Java Threads: ( => current thread )
  0x0000000055039800 JavaThread "Service Thread" daemon [_thread_blocked, id=8712, stack(0x00000000558c0000,0x00000000559c0000)]
  0x0000000055034000 JavaThread "C1 CompilerThread1" daemon [_thread_blocked, id=1724, stack(0x0000000055b00000,0x0000000055c00000)]
=>0x0000000054fdc000 JavaThread "C2 CompilerThread0" daemon [_thread_in_native, id=7044, stack(0x0000000056210000,0x0000000056310000)]
  0x0000000054fd9000 JavaThread "Attach Listener" daemon [_thread_blocked, id=8784, stack(0x0000000056020000,0x0000000056120000)]
  0x0000000054fd7800 JavaThread "Signal Dispatcher" daemon [_thread_blocked, id=9252, stack(0x0000000055f00000,0x0000000056000000)]
  0x0000000054f77800 JavaThread "Finalizer" daemon [_thread_blocked, id=7148, stack(0x0000000055db0000,0x0000000055eb0000)]
  0x0000000054f74800 JavaThread "Reference Handler" daemon [_thread_blocked, id=8648, stack(0x0000000055c40000,0x0000000055d40000)]
  0x0000000002220000 JavaThread "main" [_thread_blocked, id=11148, stack(0x00000000024f0000,0x00000000025f0000)]

Other Threads:
  0x0000000054f6e000 VMThread [stack: 0x00000000559c0000,0x0000000055ac0000] [id=10976]
  0x000000005632a800 WatcherThread [stack: 0x00000000567f0000,0x00000000568f0000] [id=10236]

VM state:at safepoint (normal execution)

VM Mutex/Monitor currently owned by a thread:  ([mutex/lock_event])
[0x000000000235ce80] Threads_lock - owner thread: 0x0000000054f6e000
[0x000000000235d380] Heap_lock - owner thread: 0x0000000002220000

Heap:
 PSYoungGen      total 18432K, used 18426K [0x00000000eab00000, 0x00000000ecf00000, 0x0000000100000000)
  eden space 15872K, 100% used [0x00000000eab00000,0x00000000eba80000,0x00000000eba80000)
  from space 2560K, 99% used [0x00000000eba80000,0x00000000ebcfeab8,0x00000000ebd00000)
  to   space 2560K, 99% used [0x00000000ecc80000,0x00000000ecefc038,0x00000000ecf00000)
 ParOldGen       total 42496K, used 3992K [0x00000000c0000000, 0x00000000c2980000, 0x00000000eab00000)
  object space 42496K, 9% used [0x00000000c0000000,0x00000000c03e6100,0x00000000c2980000)
 Metaspace       used 5718K, capacity 6960K, committed 7040K, reserved 1056768K
  class space    used 559K, capacity 616K, committed 640K, reserved 1048576K

Card table byte_map: [0x0000000011c80000,0x0000000011e90000] byte_map_base: 0x0000000011680000

Marking Bits: (ParMarkBitMap*) 0x000000006640a5b0
 Begin Bits: [0x0000000012440000, 0x0000000013440000)
 End Bits:   [0x0000000013440000, 0x0000000014440000)

Polling page: 0x0000000000130000

CodeCache: size=245760Kb used=5258Kb max_used=5258Kb free=240501Kb
 bounds [0x00000000028c0000, 0x0000000002df0000, 0x00000000118c0000]
 total_blobs=1550 nmethods=1287 adapters=178
 compilation: enabled

Compilation events (10 events):
Event: 4.169 Thread 0x0000000055034000 1300       3       com.android.dx.cf.code.Frame::mergeSubroutineLists (90 bytes)
Event: 4.169 Thread 0x0000000055034000 nmethod 1300 0x0000000002de0150 code [0x0000000002de0320, 0x0000000002de0be8]
Event: 4.170 Thread 0x0000000055034000 1301       3       com.android.dx.ssa.DomFront::buildDomTree (72 bytes)
Event: 4.172 Thread 0x0000000055034000 nmethod 1301 0x0000000002de0ed0 code [0x0000000002de1120, 0x0000000002de1f48]
Event: 4.172 Thread 0x0000000055034000 1302       3       com.android.dx.ssa.SsaRenamer::<init> (100 bytes)
Event: 4.173 Thread 0x0000000055034000 nmethod 1302 0x0000000002de2a10 code [0x0000000002de2c00, 0x0000000002de36e8]
Event: 4.174 Thread 0x0000000055034000 1303       3       com.android.dx.ssa.ConstCollector$2::map (28 bytes)
Event: 4.174 Thread 0x0000000055034000 nmethod 1303 0x0000000002de3b90 code [0x0000000002de3d00, 0x0000000002de4128]
Event: 4.176 Thread 0x0000000055034000 1304       3       com.android.dx.cf.code.Merger::mergeLocals (122 bytes)
Event: 4.178 Thread 0x0000000055034000 nmethod 1304 0x0000000002de4250 code [0x0000000002de44c0, 0x0000000002de5588]

GC Heap History (3 events):
Event: 2.315 GC heap before
{Heap before GC invocations=1 (full 0):
 PSYoungGen      total 18432K, used 15872K [0x00000000eab00000, 0x00000000ebf80000, 0x0000000100000000)
  eden space 15872K, 100% used [0x00000000eab00000,0x00000000eba80000,0x00000000eba80000)
  from space 2560K, 0% used [0x00000000ebd00000,0x00000000ebd00000,0x00000000ebf80000)
  to   space 2560K, 0% used [0x00000000eba80000,0x00000000eba80000,0x00000000ebd00000)
 ParOldGen       total 42496K, used 0K [0x00000000c0000000, 0x00000000c2980000, 0x00000000eab00000)
  object space 42496K, 0% used [0x00000000c0000000,0x00000000c0000000,0x00000000c2980000)
 Metaspace       used 5488K, capacity 6768K, committed 7040K, reserved 1056768K
  class space    used 558K, capacity 616K, committed 640K, reserved 1048576K
Event: 2.515 GC heap after
Heap after GC invocations=1 (full 0):
 PSYoungGen      total 18432K, used 2554K [0x00000000eab00000, 0x00000000ecf00000, 0x0000000100000000)
  eden space 15872K, 0% used [0x00000000eab00000,0x00000000eab00000,0x00000000eba80000)
  from space 2560K, 99% used [0x00000000eba80000,0x00000000ebcfeab8,0x00000000ebd00000)
  to   space 2560K, 0% used [0x00000000ecc80000,0x00000000ecc80000,0x00000000ecf00000)
 ParOldGen       total 42496K, used 1502K [0x00000000c0000000, 0x00000000c2980000, 0x00000000eab00000)
  object space 42496K, 3% used [0x00000000c0000000,0x00000000c01778f8,0x00000000c2980000)
 Metaspace       used 5488K, capacity 6768K, committed 7040K, reserved 1056768K
  class space    used 558K, capacity 616K, committed 640K, reserved 1048576K
}
Event: 4.180 GC heap before
{Heap before GC invocations=2 (full 0):
 PSYoungGen      total 18432K, used 18426K [0x00000000eab00000, 0x00000000ecf00000, 0x0000000100000000)
  eden space 15872K, 100% used [0x00000000eab00000,0x00000000eba80000,0x00000000eba80000)
  from space 2560K, 99% used [0x00000000eba80000,0x00000000ebcfeab8,0x00000000ebd00000)
  to   space 2560K, 0% used [0x00000000ecc80000,0x00000000ecc80000,0x00000000ecf00000)
 ParOldGen       total 42496K, used 1502K [0x00000000c0000000, 0x00000000c2980000, 0x00000000eab00000)
  object space 42496K, 3% used [0x00000000c0000000,0x00000000c01778f8,0x00000000c2980000)
 Metaspace       used 5718K, capacity 6960K, committed 7040K, reserved 1056768K
  class space    used 559K, capacity 616K, committed 640K, reserved 1048576K

Deoptimization events (10 events):
Event: 1.817 Thread 0x0000000002220000 Uncommon trap: reason=unstable_if action=reinterpret pc=0x0000000002bb17f0 method=com.android.dx.rop.code.RegisterSpecSet.mutableCopy()Lcom/android/dx/rop/code/RegisterSpecSet; @ 32
Event: 2.040 Thread 0x0000000002220000 Uncommon trap: reason=unstable_if action=reinterpret pc=0x0000000002bfef90 method=com.android.dx.rop.code.RegisterSpec.equals(ILcom/android/dx/rop/type/TypeBearer;Lcom/android/dx/rop/code/LocalItem;)Z @ 24
Event: 2.043 Thread 0x0000000002220000 Uncommon trap: reason=unstable_if action=reinterpret pc=0x0000000002bf4fa0 method=com.android.dx.rop.code.RegisterSpec.equals(ILcom/android/dx/rop/type/TypeBearer;Lcom/android/dx/rop/code/LocalItem;)Z @ 24
Event: 2.065 Thread 0x0000000002220000 Uncommon trap: reason=unstable_if action=reinterpret pc=0x0000000002c3f3dc method=com.android.dx.ssa.NormalSsaInsn.getLocalAssignment()Lcom/android/dx/rop/code/RegisterSpec; @ 12
Event: 2.065 Thread 0x0000000002220000 Uncommon trap: reason=unstable_if action=reinterpret pc=0x0000000002bb2418 method=com.android.dx.ssa.NormalSsaInsn.getLocalAssignment()Lcom/android/dx/rop/code/RegisterSpec; @ 12
Event: 2.065 Thread 0x0000000002220000 Uncommon trap: reason=unstable_if action=reinterpret pc=0x0000000002bb0920 method=com.android.dx.ssa.NormalSsaInsn.getLocalAssignment()Lcom/android/dx/rop/code/RegisterSpec; @ 12
Event: 3.326 Thread 0x0000000002220000 Uncommon trap: reason=class_check action=maybe_recompile pc=0x0000000002cfee24 method=com.android.dx.ssa.NormalSsaInsn.accept(Lcom/android/dx/ssa/SsaInsn$Visitor;)V @ 9
Event: 3.326 Thread 0x0000000002220000 Uncommon trap: reason=class_check action=maybe_recompile pc=0x0000000002b0b7e0 method=com.android.dx.ssa.NormalSsaInsn.accept(Lcom/android/dx/ssa/SsaInsn$Visitor;)V @ 9
Event: 3.326 Thread 0x0000000002220000 Uncommon trap: reason=class_check action=maybe_recompile pc=0x0000000002b0b7e0 method=com.android.dx.ssa.NormalSsaInsn.accept(Lcom/android/dx/ssa/SsaInsn$Visitor;)V @ 9
Event: 4.153 Thread 0x0000000002220000 Uncommon trap: reason=unstable_if action=reinterpret pc=0x0000000002c8a204 method=com.android.dx.rop.cst.Constant.compareTo(Lcom/android/dx/rop/cst/Constant;)I @ 12

Internal exceptions (2 events):
Event: 0.140 Thread 0x0000000002220000 Exception <a 'java/lang/NoSuchMethodError': Method sun.misc.Unsafe.defineClass(Ljava/lang/String;[BII)Ljava/lang/Class; name or signature does not match> (0x00000000eab0dc40) thrown at [C:\re\workspace\8-2-build-windows-amd64-cygwin\jdk8u66\5298\hotspot\sräÚ—É&ëÁ?
Event: 0.140 Thread 0x0000000002220000 Exception <a 'java/lang/NoSuchMethodError': Method sun.misc.Unsafe.prefetchRead(Ljava/lang/Object;J)V name or signature does not match> (0x00000000eab0df28) thrown at [C:\re\workspace\8-2-build-windows-amd64-cygwin\jdk8u66\5298\hotspot\src\share\vm\prims\j

Events (10 events):
Event: 3.326 Thread 0x0000000002220000 DEOPT UNPACKING pc=0x000000000290556a sp=0x00000000025eea30 mode 2
Event: 3.326 Thread 0x0000000002220000 Uncommon trap: trap_request=0xffffffde fr.pc=0x0000000002b0b7e0
Event: 3.326 Thread 0x0000000002220000 DEOPT PACKING pc=0x0000000002b0b7e0 sp=0x00000000025eea90
Event: 3.326 Thread 0x0000000002220000 DEOPT UNPACKING pc=0x000000000290556a sp=0x00000000025eea30 mode 2
Event: 3.532 loading class com/android/dx/cf/attrib/AttLocalVariableTypeTable
Event: 3.532 loading class com/android/dx/cf/attrib/AttLocalVariableTypeTable done
Event: 4.153 Thread 0x0000000002220000 Uncommon trap: trap_request=0xffffff65 fr.pc=0x0000000002c8a204
Event: 4.153 Thread 0x0000000002220000 DEOPT PACKING pc=0x0000000002c8a204 sp=0x00000000025ee7b0
Event: 4.153 Thread 0x0000000002220000 DEOPT UNPACKING pc=0x000000000290556a sp=0x00000000025ee750 mode 2
Event: 4.180 Executing VM operation: ParallelGCFailedAllocation


Dynamic libraries:
0x000000013fd20000 - 0x000000013fd57000 	C:\Program Files\Java\jdk1.8.0_66\bin\java.exe
0x0000000077770000 - 0x0000000077918000 	C:\Windows\SYSTEM32\ntdll.dll
0x0000000077650000 - 0x000000007776f000 	C:\Windows\system32\kernel32.dll
0x000007fefd580000 - 0x000007fefd5ec000 	C:\Windows\system32\KERNELBASE.dll
0x000007fefde90000 - 0x000007fefdf6b000 	C:\Windows\system32\ADVAPI32.dll
0x000007fefe5d0000 - 0x000007fefe66f000 	C:\Windows\system32\msvcrt.dll
0x000007fefe1f0000 - 0x000007fefe20f000 	C:\Windows\SYSTEM32\sechost.dll
0x000007fefe210000 - 0x000007fefe33d000 	C:\Windows\system32\RPCRT4.dll
0x0000000077550000 - 0x000000007764a000 	C:\Windows\system32\USER32.dll
0x000007fefde20000 - 0x000007fefde87000 	C:\Windows\system32\GDI32.dll
0x000007fefe340000 - 0x000007fefe34e000 	C:\Windows\system32\LPK.dll
0x000007fefe120000 - 0x000007fefe1e9000 	C:\Windows\system32\USP10.dll
0x000007fefbe80000 - 0x000007fefc074000 	C:\Windows\WinSxS\amd64_microsoft.windows.common-controls_6595b64144ccf1df_6.0.7601.18807_none_fa381d5f175bfb52\COMCTL32.dll
0x000007fefe7f0000 - 0x000007fefe861000 	C:\Windows\system32\SHLWAPI.dll
0x000007fefe350000 - 0x000007fefe37e000 	C:\Windows\system32\IMM32.DLL
0x000007feff970000 - 0x000007feffa79000 	C:\Windows\system32\MSCTF.dll
0x0000000065090000 - 0x0000000065162000 	C:\Program Files\Java\jdk1.8.0_66\jre\bin\msvcr100.dll
0x0000000065c00000 - 0x0000000066489000 	C:\Program Files\Java\jdk1.8.0_66\jre\bin\server\jvm.dll
0x000007fef7950000 - 0x000007fef7959000 	C:\Windows\system32\WSOCK32.dll
0x000007fefddd0000 - 0x000007fefde1d000 	C:\Windows\system32\WS2_32.dll
0x000007fefdf70000 - 0x000007fefdf78000 	C:\Windows\system32\NSI.dll
0x000007fefb080000 - 0x000007fefb0bb000 	C:\Windows\system32\WINMM.dll
0x000007fefc620000 - 0x000007fefc62c000 	C:\Windows\system32\VERSION.dll
0x0000000077940000 - 0x0000000077947000 	C:\Windows\system32\PSAPI.DLL
0x0000000074d60000 - 0x0000000074d6f000 	C:\Program Files\Java\jdk1.8.0_66\jre\bin\verify.dll
0x0000000074d30000 - 0x0000000074d59000 	C:\Program Files\Java\jdk1.8.0_66\jre\bin\java.dll
0x0000000074af0000 - 0x0000000074b06000 	C:\Program Files\Java\jdk1.8.0_66\jre\bin\zip.dll
0x000007fefe870000 - 0x000007feff5f9000 	C:\Windows\system32\SHELL32.dll
0x000007fefdbc0000 - 0x000007fefddc3000 	C:\Windows\system32\ole32.dll
0x000007fefd530000 - 0x000007fefd53f000 	C:\Windows\system32\profapi.dll

VM Arguments:
jvm_args: -Xmx1024M -Dfile.encoding=windows-1252 -Duser.country=US -Duser.language=en -Duser.variant 
java_command: com.android.dx.command.Main --dex --output C:\code\Robotics\2015-2016\ftc_app-master\FTC8626\build\intermediates\pre-dexed\debug\classes-4daa4cf1bddbfa4b65def0fb2043529916abd1ea.jar C:\code\Robotics\2015-2016\ftc_app-master\FTC8626\build\intermediates\exploded-aar\RobotCore-release\jars\classes.jar
java_class_path (initial): C:\Users\JC\AppData\Local\Android\sdk\build-tools\22.0.1\lib\dx.jar
Launcher Type: SUN_STANDARD

Environment Variables:
CLASSPATH=.;C:\Program Files (x86)\Java\jre6\lib\ext\QTJava.zip
PATH=C:\PROGRAMDATA\ORACLE\JAVA\JAVAPATH;C:\PHP\;C:\PROGRAM FILES (X86)\SYNERGEX\SYNERGYDE\CONNECT;C:\Windows\SYSTEM32;C:\Windows;C:\Windows\SYSTEM32\WBEM;C:\Windows\SYSTEM32\WINDOWSPOWERSHELL\V1.0\;C:\PROGRAM FILES (X86)\COMMON FILES\ULEAD SYSTEMS\MPEG;C:\PROGRAM FILES (X86)\COMMON FILES\INTUIT\QBPOSSDKRUNTIME;C:\PROGRAM FILES (X86)\COMMON FILES\ROXIO SHARED\DLLSHARED\;C:\PROGRAM FILES (X86)\COMMON FILES\ROXIO SHARED\12.0\DLLSHARED\;C:\PROGRAM FILES (X86)\MICROSOFT SQL SERVER\80\TOOLS\BINN\;C:\PROGRAM FILES\MYSQL\MYSQL SERVER 5.1\BIN;C:\PROGRAM FILES (X86)\MICROSOFT SQL SERVER\100\TOOLS\BINN\;C:\PROGRAM FILES\MICROSOFT SQL SERVER\100\TOOLS\BINN\;C:\PROGRAM FILES\MICROSOFT SQL SERVER\100\DTS\BINN\;C:\PROGRAM FILES (X86)\MICROSOFT SQL SERVER\100\TOOLS\BINN\VSSHELL\COMMON7\IDE\;C:\PROGRAM FILES (X86)\MICROSOFT VISUAL STUDIO 9.0\COMMON7\IDE\PRIVATEASSEMBLIES\;C:\PROGRAM FILES (X86)\MICROSOFT SQL SERVER\100\DTS\BINN\;C:\CODE\INTERNAL\X\TRUNK\DOTNET\BUILDTOOLS\;C:\PROGRAM FILES (X86)\QUICKTIME\QTSYSTEM\;C:\PROGRAM FILES\MICROSOFT SQL SERVER\110\TOOLS\BINN\;C:\PROGRAM FILES (X86)\MICROSOFT ASP.NET\ASP.NET WEB PAGES\V1.0\;C:\PROGRAM FILES\TORTOISESVN\BIN;C:\PROGRAM FILES\MICROSOFT\WEB PLATFORM INSTALLER\;C:\PROGRAM FILES (X86)\TOSHIBA\BLUETOOTH TOSHIBA STACK\SYS\;C:\PROGRAM FILES (X86)\TOSHIBA\BLUETOOTH TOSHIBA STACK\SYS\X64\;C:\Program Files (x86)\Skype\Phone\;C:\Program Files\Git\cmd
USERNAME=JC
OS=Windows_NT
PROCESSOR_IDENTIFIER=Intel64 Family 6 Model 23 Stepping 10, GenuineIntel



---------------  S Y S T E M  ---------------

OS: Windows 7 , 64 bit Build 7601 (6.1.7601.18798)

CPU:total 2 (2 cores per cpu, 1 threads per core) family 6 model 23 stepping 10, cmov, cx8, fxsr, mmx, sse, sse2, sse3, ssse3, sse4.1, tsc

Memory: 4k page, physical 4059120k(575176k free), swap 9010148k(5636k free)

vm_info: Java HotSpot(TM) 64-Bit Server VM (25.66-b18) for windows-amd64 JRE (1.8.0_66-b18), built on Nov  9 2015 10:51:13 by "java_re" with MS VC++ 10.0 (VS2010)

time: Fri Jan 29 20:37:41 2016
elapsed time: 4 seconds (0d 0h 0m 4s)

