#
# There is insufficient memory for the Java Runtime Environment to continue.
# Native memory allocation (malloc) failed to allocate 83216 bytes for Chunk::new
# Possible reasons:
#   The system is out of physical RAM or swap space
#   In 32 bit mode, the process size limit was hit
# Possible solutions:
#   Reduce memory load on the system
#   Increase physical memory or swap space
#   Check if swap backing store is full
#   Use 64 bit Java on a 64 bit OS
#   Decrease Java heap size (-Xmx/-Xms)
#   Decrease number of Java threads
#   Decrease Java thread stack sizes (-Xss)
#   Set larger code cache with -XX:ReservedCodeCacheSize=
# This output file may be truncated or incomplete.
#
#  Out of Memory Error (allocation.cpp:390), pid=10280, tid=10308
#
# JRE version: Java(TM) SE Runtime Environment (8.0_66-b18) (build 1.8.0_66-b18)
# Java VM: Java HotSpot(TM) 64-Bit Server VM (25.66-b18 mixed mode windows-amd64 compressed oops)
# Failed to write core dump. Minidumps are not enabled by default on client versions of Windows
#

---------------  T H R E A D  ---------------

Current thread (0x0000000054e6c800):  JavaThread "C2 CompilerThread0" daemon [_thread_in_native, id=10308, stack(0x0000000055f70000,0x0000000056070000)]

Stack: [0x0000000055f70000,0x0000000056070000]
[error occurred during error reporting (printing stack bounds), id 0xc0000005]

Native frames: (J=compiled Java code, j=interpreted, Vv=VM code, C=native code)


Current CompileTask:
C2:   4322 1018       4       com.android.dx.rop.cst.CstBaseMethodRef::compareTo0 (29 bytes)


---------------  P R O C E S S  ---------------

Java Threads: ( => current thread )
  0x0000000054ece800 JavaThread "Service Thread" daemon [_thread_blocked, id=10812, stack(0x0000000056720000,0x0000000056820000)]
  0x0000000054ec7000 JavaThread "C1 CompilerThread1" daemon [_thread_blocked, id=5516, stack(0x00000000561d0000,0x00000000562d0000)]
=>0x0000000054e6c800 JavaThread "C2 CompilerThread0" daemon [_thread_in_native, id=10308, stack(0x0000000055f70000,0x0000000056070000)]
  0x0000000054e69000 JavaThread "Attach Listener" daemon [_thread_blocked, id=10784, stack(0x0000000055df0000,0x0000000055ef0000)]
  0x0000000054e67800 JavaThread "Signal Dispatcher" daemon [_thread_blocked, id=10636, stack(0x00000000558b0000,0x00000000559b0000)]
  0x0000000054e07800 JavaThread "Finalizer" daemon [_thread_blocked, id=9836, stack(0x0000000055c60000,0x0000000055d60000)]
  0x0000000054e04800 JavaThread "Reference Handler" daemon [_thread_blocked, id=8128, stack(0x0000000055a80000,0x0000000055b80000)]
  0x0000000002290000 JavaThread "main" [_thread_in_vm, id=11100, stack(0x0000000002680000,0x0000000002780000)]

Other Threads:
  0x0000000054dfe000 VMThread [stack: 0x0000000055790000,0x0000000055890000] [id=1376]
  0x00000000562e6800 WatcherThread [stack: 0x0000000056860000,0x0000000056960000] [id=11068]

VM state:not at safepoint (normal execution)

VM Mutex/Monitor currently owned by a thread:  ([mutex/lock_event])
[0x000000000226d500] CompiledIC_lock - owner thread: 0x0000000002290000

Heap:
 PSYoungGen      total 18432K, used 3017K [0x00000000eab00000, 0x00000000ebf80000, 0x0000000100000000)
  eden space 15872K, 2% used [0x00000000eab00000,0x00000000eab763f0,0x00000000eba80000)
  from space 2560K, 99% used [0x00000000eba80000,0x00000000ebcfc048,0x00000000ebd00000)
  to   space 2560K, 0% used [0x00000000ebd00000,0x00000000ebd00000,0x00000000ebf80000)
 ParOldGen       total 42496K, used 1367K [0x00000000c0000000, 0x00000000c2980000, 0x00000000eab00000)
  object space 42496K, 3% used [0x00000000c0000000,0x00000000c0155f08,0x00000000c2980000)
 Metaspace       used 5640K, capacity 6832K, committed 7040K, reserved 1056768K
  class space    used 575K, capacity 616K, committed 640K, reserved 1048576K

Card table byte_map: [0x0000000011e10000,0x0000000012020000] byte_map_base: 0x0000000011810000

Marking Bits: (ParMarkBitMap*) 0x000000006640a5b0
 Begin Bits: [0x00000000122d0000, 0x00000000132d0000)
 End Bits:   [0x00000000132d0000, 0x00000000142d0000)

Polling page: 0x0000000000130000

CodeCache: size=245760Kb used=3916Kb max_used=3916Kb free=241843Kb
 bounds [0x0000000002a50000, 0x0000000002e30000, 0x0000000011a50000]
 total_blobs=1280 nmethods=1017 adapters=178
 compilation: enabled

Compilation events (10 events):
Event: 4.313 Thread 0x0000000054ec7000 1013       3       com.android.dx.dex.code.FixedSizeInsn::codeSize (11 bytes)
Event: 4.313 Thread 0x0000000054ec7000 nmethod 1013 0x0000000002e24450 code [0x0000000002e245c0, 0x0000000002e24908]
Event: 4.313 Thread 0x0000000054ec7000 1016       3       com.android.dx.dex.file.CodeItem$1::getIndex (20 bytes)
Event: 4.314 Thread 0x0000000054ec7000 nmethod 1016 0x0000000002e249d0 code [0x0000000002e24b60, 0x0000000002e24f98]
Event: 4.314 Thread 0x0000000054ec7000 1017       3       com.android.dx.dex.file.Section::throwIfNotPrepared (18 bytes)
Event: 4.314 Thread 0x0000000054ec7000 nmethod 1017 0x0000000002e25150 code [0x0000000002e252c0, 0x0000000002e25508]
Event: 4.314 Thread 0x0000000054ec7000 1014       3       com.android.dx.rop.code.RegisterSpec::isCategory2 (13 bytes)
Event: 4.314 Thread 0x0000000054ec7000 nmethod 1014 0x0000000002e255d0 code [0x0000000002e25740, 0x0000000002e259f8]
Event: 4.314 Thread 0x0000000054ec7000 1015       3       com.android.dx.rop.code.BasicBlock::canThrow (11 bytes)
Event: 4.314 Thread 0x0000000054ec7000 nmethod 1015 0x0000000002e25b10 code [0x0000000002e25cc0, 0x0000000002e26518]

GC Heap History (2 events):
Event: 3.941 GC heap before
{Heap before GC invocations=1 (full 0):
 PSYoungGen      total 18432K, used 15872K [0x00000000eab00000, 0x00000000ebf80000, 0x0000000100000000)
  eden space 15872K, 100% used [0x00000000eab00000,0x00000000eba80000,0x00000000eba80000)
  from space 2560K, 0% used [0x00000000ebd00000,0x00000000ebd00000,0x00000000ebf80000)
  to   space 2560K, 0% used [0x00000000eba80000,0x00000000eba80000,0x00000000ebd00000)
 ParOldGen       total 42496K, used 0K [0x00000000c0000000, 0x00000000c2980000, 0x00000000eab00000)
  object space 42496K, 0% used [0x00000000c0000000,0x00000000c0000000,0x00000000c2980000)
 Metaspace       used 5606K, capacity 6832K, committed 7040K, reserved 1056768K
  class space    used 574K, capacity 616K, committed 640K, reserved 1048576K
Event: 4.274 GC heap after
Heap after GC invocations=1 (full 0):
 PSYoungGen      total 18432K, used 2544K [0x00000000eab00000, 0x00000000ebf80000, 0x0000000100000000)
  eden space 15872K, 0% used [0x00000000eab00000,0x00000000eab00000,0x00000000eba80000)
  from space 2560K, 99% used [0x00000000eba80000,0x00000000ebcfc048,0x00000000ebd00000)
  to   space 2560K, 0% used [0x00000000ebd00000,0x00000000ebd00000,0x00000000ebf80000)
 ParOldGen       total 42496K, used 1367K [0x00000000c0000000, 0x00000000c2980000, 0x00000000eab00000)
  object space 42496K, 3% used [0x00000000c0000000,0x00000000c0155f08,0x00000000c2980000)
 Metaspace       used 5606K, capacity 6832K, committed 7040K, reserved 1056768K
  class space    used 574K, capacity 616K, committed 640K, reserved 1048576K
}

Deoptimization events (10 events):
Event: 3.903 Thread 0x0000000002290000 Uncommon trap: reason=unstable_if action=reinterpret pc=0x0000000002dd54d8 method=java.util.HashMap.putVal(ILjava/lang/Object;Ljava/lang/Object;ZZ)Ljava/lang/Object; @ 94
Event: 3.921 Thread 0x0000000002290000 Uncommon trap: reason=bimorphic action=maybe_recompile pc=0x0000000002c663fc method=java.util.HashMap.getNode(ILjava/lang/Object;)Ljava/util/HashMap$Node; @ 126
Event: 3.940 Thread 0x0000000002290000 Uncommon trap: reason=speculate_class_check action=maybe_recompile pc=0x0000000002d88020 method=com.android.dx.util.FixedSizeList.equals(Ljava/lang/Object;)Z @ 25
Event: 3.940 Thread 0x0000000002290000 Uncommon trap: reason=class_check action=maybe_recompile pc=0x0000000002d9e10c method=java.util.Arrays.equals([Ljava/lang/Object;[Ljava/lang/Object;)Z @ 62
Event: 3.940 Thread 0x0000000002290000 Uncommon trap: reason=speculate_class_check action=maybe_recompile pc=0x0000000002d88020 method=com.android.dx.util.FixedSizeList.equals(Ljava/lang/Object;)Z @ 25
Event: 3.941 Thread 0x0000000002290000 Uncommon trap: reason=class_check action=maybe_recompile pc=0x0000000002d9e10c method=java.util.Arrays.equals([Ljava/lang/Object;[Ljava/lang/Object;)Z @ 62
Event: 3.941 Thread 0x0000000002290000 Uncommon trap: reason=speculate_class_check action=maybe_recompile pc=0x0000000002d88020 method=com.android.dx.util.FixedSizeList.equals(Ljava/lang/Object;)Z @ 25
Event: 3.941 Thread 0x0000000002290000 Uncommon trap: reason=class_check action=maybe_recompile pc=0x0000000002d9e10c method=java.util.Arrays.equals([Ljava/lang/Object;[Ljava/lang/Object;)Z @ 62
Event: 3.941 Thread 0x0000000002290000 Uncommon trap: reason=speculate_class_check action=maybe_recompile pc=0x0000000002d88020 method=com.android.dx.util.FixedSizeList.equals(Ljava/lang/Object;)Z @ 25
Event: 3.941 Thread 0x0000000002290000 Uncommon trap: reason=class_check action=maybe_recompile pc=0x0000000002d9e10c method=java.util.Arrays.equals([Ljava/lang/Object;[Ljava/lang/Object;)Z @ 62

Internal exceptions (2 events):
Event: 0.109 Thread 0x0000000002290000 Exception <a 'java/lang/NoSuchMethodError': Method sun.misc.Unsafe.defineClass(Ljava/lang/String;[BII)Ljava/lang/Class; name or signature does not match> (0x00000000eab0dc40) thrown at [C:\re\workspace\8-2-build-windows-amd64-cygwin\jdk8u66\5298\hotspot\sr¬í ç-Î»?
Event: 0.109 Thread 0x0000000002290000 Exception <a 'java/lang/NoSuchMethodError': Method sun.misc.Unsafe.prefetchRead(Ljava/lang/Object;J)V name or signature does not match> (0x00000000eab0df28) thrown at [C:\re\workspace\8-2-build-windows-amd64-cygwin\jdk8u66\5298\hotspot\src\share\vm\prims\j

Events (10 events):
Event: 3.941 Thread 0x0000000002290000 DEOPT UNPACKING pc=0x0000000002a9556a sp=0x000000000277e910 mode 2
Event: 3.941 Thread 0x0000000002290000 Uncommon trap: trap_request=0xffffffde fr.pc=0x0000000002d9e10c
Event: 3.941 Thread 0x0000000002290000 DEOPT PACKING pc=0x0000000002d9e10c sp=0x000000000277e8f0
Event: 3.941 Thread 0x0000000002290000 DEOPT UNPACKING pc=0x0000000002a9556a sp=0x000000000277e880 mode 2
Event: 3.941 Executing VM operation: ParallelGCFailedAllocation
Event: 4.274 Executing VM operation: ParallelGCFailedAllocation done
Event: 4.304 loading class com/android/dx/dex/code/CatchTable$Entry
Event: 4.304 loading class com/android/dx/dex/code/CatchTable$Entry done
Event: 4.308 loading class com/android/dx/util/ByteArrayAnnotatedOutput
Event: 4.308 loading class com/android/dx/util/ByteArrayAnnotatedOutput done


Dynamic libraries:
0x000000013fd20000 - 0x000000013fd57000 	C:\Program Files\Java\jdk1.8.0_66\bin\java.exe
0x0000000077770000 - 0x0000000077918000 	C:\Windows\SYSTEM32\ntdll.dll
0x0000000077650000 - 0x000000007776f000 	C:\Windows\system32\kernel32.dll
0x000007fefd580000 - 0x000007fefd5ec000 	C:\Windows\system32\KERNELBASE.dll
0x000007fefde90000 - 0x000007fefdf6b000 	C:\Windows\system32\ADVAPI32.dll
0x000007fefe5d0000 - 0x000007fefe66f000 	C:\Windows\system32\msvcrt.dll
0x000007fefe1f0000 - 0x000007fefe20f000 	C:\Windows\SYSTEM32\sechost.dll
0x000007fefe210000 - 0x000007fefe33d000 	C:\Windows\system32\RPCRT4.dll
0x0000000077550000 - 0x000000007764a000 	C:\Windows\system32\USER32.dll
0x000007fefde20000 - 0x000007fefde87000 	C:\Windows\system32\GDI32.dll
0x000007fefe340000 - 0x000007fefe34e000 	C:\Windows\system32\LPK.dll
0x000007fefe120000 - 0x000007fefe1e9000 	C:\Windows\system32\USP10.dll
0x000007fefbe80000 - 0x000007fefc074000 	C:\Windows\WinSxS\amd64_microsoft.windows.common-controls_6595b64144ccf1df_6.0.7601.18807_none_fa381d5f175bfb52\COMCTL32.dll
0x000007fefe7f0000 - 0x000007fefe861000 	C:\Windows\system32\SHLWAPI.dll
0x000007fefe350000 - 0x000007fefe37e000 	C:\Windows\system32\IMM32.DLL
0x000007feff970000 - 0x000007feffa79000 	C:\Windows\system32\MSCTF.dll
0x0000000065090000 - 0x0000000065162000 	C:\Program Files\Java\jdk1.8.0_66\jre\bin\msvcr100.dll
0x0000000065c00000 - 0x0000000066489000 	C:\Program Files\Java\jdk1.8.0_66\jre\bin\server\jvm.dll
0x000007fef7950000 - 0x000007fef7959000 	C:\Windows\system32\WSOCK32.dll
0x000007fefddd0000 - 0x000007fefde1d000 	C:\Windows\system32\WS2_32.dll
0x000007fefdf70000 - 0x000007fefdf78000 	C:\Windows\system32\NSI.dll
0x000007fefb080000 - 0x000007fefb0bb000 	C:\Windows\system32\WINMM.dll
0x000007fefc620000 - 0x000007fefc62c000 	C:\Windows\system32\VERSION.dll
0x0000000077940000 - 0x0000000077947000 	C:\Windows\system32\PSAPI.DLL
0x0000000074d60000 - 0x0000000074d6f000 	C:\Program Files\Java\jdk1.8.0_66\jre\bin\verify.dll
0x0000000074d30000 - 0x0000000074d59000 	C:\Program Files\Java\jdk1.8.0_66\jre\bin\java.dll
0x0000000074af0000 - 0x0000000074b06000 	C:\Program Files\Java\jdk1.8.0_66\jre\bin\zip.dll
0x000007fefe870000 - 0x000007feff5f9000 	C:\Windows\system32\SHELL32.dll
0x000007fefdbc0000 - 0x000007fefddc3000 	C:\Windows\system32\ole32.dll
0x000007fefd530000 - 0x000007fefd53f000 	C:\Windows\system32\profapi.dll

VM Arguments:
jvm_args: -Xmx1024M -Dfile.encoding=windows-1252 -Duser.country=US -Duser.language=en -Duser.variant 
java_command: com.android.dx.command.Main --dex --output C:\code\Robotics\2015-2016\ftc_app-master\FTC8626\build\intermediates\pre-dexed\debug\classes-e12ef0ac11bd828632910ad2395a5edf2d62809e.jar C:\code\Robotics\2015-2016\ftc_app-master\FTC8626\build\intermediates\exploded-aar\Analytics-release\jars\classes.jar
java_class_path (initial): C:\Users\JC\AppData\Local\Android\sdk\build-tools\22.0.1\lib\dx.jar
Launcher Type: SUN_STANDARD

Environment Variables:
CLASSPATH=.;C:\Program Files (x86)\Java\jre6\lib\ext\QTJava.zip
PATH=C:\PROGRAMDATA\ORACLE\JAVA\JAVAPATH;C:\PHP\;C:\PROGRAM FILES (X86)\SYNERGEX\SYNERGYDE\CONNECT;C:\Windows\SYSTEM32;C:\Windows;C:\Windows\SYSTEM32\WBEM;C:\Windows\SYSTEM32\WINDOWSPOWERSHELL\V1.0\;C:\PROGRAM FILES (X86)\COMMON FILES\ULEAD SYSTEMS\MPEG;C:\PROGRAM FILES (X86)\COMMON FILES\INTUIT\QBPOSSDKRUNTIME;C:\PROGRAM FILES (X86)\COMMON FILES\ROXIO SHARED\DLLSHARED\;C:\PROGRAM FILES (X86)\COMMON FILES\ROXIO SHARED\12.0\DLLSHARED\;C:\PROGRAM FILES (X86)\MICROSOFT SQL SERVER\80\TOOLS\BINN\;C:\PROGRAM FILES\MYSQL\MYSQL SERVER 5.1\BIN;C:\PROGRAM FILES (X86)\MICROSOFT SQL SERVER\100\TOOLS\BINN\;C:\PROGRAM FILES\MICROSOFT SQL SERVER\100\TOOLS\BINN\;C:\PROGRAM FILES\MICROSOFT SQL SERVER\100\DTS\BINN\;C:\PROGRAM FILES (X86)\MICROSOFT SQL SERVER\100\TOOLS\BINN\VSSHELL\COMMON7\IDE\;C:\PROGRAM FILES (X86)\MICROSOFT VISUAL STUDIO 9.0\COMMON7\IDE\PRIVATEASSEMBLIES\;C:\PROGRAM FILES (X86)\MICROSOFT SQL SERVER\100\DTS\BINN\;C:\CODE\INTERNAL\X\TRUNK\DOTNET\BUILDTOOLS\;C:\PROGRAM FILES (X86)\QUICKTIME\QTSYSTEM\;C:\PROGRAM FILES\MICROSOFT SQL SERVER\110\TOOLS\BINN\;C:\PROGRAM FILES (X86)\MICROSOFT ASP.NET\ASP.NET WEB PAGES\V1.0\;C:\PROGRAM FILES\TORTOISESVN\BIN;C:\PROGRAM FILES\MICROSOFT\WEB PLATFORM INSTALLER\;C:\PROGRAM FILES (X86)\TOSHIBA\BLUETOOTH TOSHIBA STACK\SYS\;C:\PROGRAM FILES (X86)\TOSHIBA\BLUETOOTH TOSHIBA STACK\SYS\X64\;C:\Program Files (x86)\Skype\Phone\;C:\Program Files\Git\cmd
USERNAME=JC
OS=Windows_NT
PROCESSOR_IDENTIFIER=Intel64 Family 6 Model 23 Stepping 10, GenuineIntel



---------------  S Y S T E M  ---------------

OS: Windows 7 , 64 bit Build 7601 (6.1.7601.18798)

CPU:total 2 (2 cores per cpu, 1 threads per core) family 6 model 23 stepping 10, cmov, cx8, fxsr, mmx, sse, sse2, sse3, ssse3, sse4.1, tsc

Memory: 4k page, physical 4059120k(572012k free), swap 9010148k(5224k free)

vm_info: Java HotSpot(TM) 64-Bit Server VM (25.66-b18) for windows-amd64 JRE (1.8.0_66-b18), built on Nov  9 2015 10:51:13 by "java_re" with MS VC++ 10.0 (VS2010)

time: Fri Jan 29 20:37:41 2016
elapsed time: 4 seconds (0d 0h 0m 4s)

